{
  "stats": {
    "suites": 1,
    "tests": 3,
    "passes": 3,
    "pending": 0,
    "failures": 0,
    "start": "2023-08-16T11:08:58.811Z",
    "end": "2023-08-16T11:09:13.398Z",
    "duration": 14587,
    "testsRegistered": 3,
    "passPercent": 100,
    "pendingPercent": 0,
    "other": 0,
    "hasOther": false,
    "skipped": 0,
    "hasSkipped": false
  },
  "results": [
    {
      "uuid": "7eb30b90-4817-45ec-80a0-e6754f25c3a7",
      "title": "",
      "fullFile": "D:\\MERN projects\\Hello_World-new_webfront\\test\\testfile.js",
      "file": "\\test\\testfile.js",
      "beforeHooks": [],
      "afterHooks": [],
      "tests": [],
      "suites": [
        {
          "uuid": "bdf218e8-8227-41f3-870d-c368a2263a18",
          "title": "Testing the train tab",
          "fullFile": "D:\\MERN projects\\Hello_World-new_webfront\\test\\testfile.js",
          "file": "\\test\\testfile.js",
          "beforeHooks": [],
          "afterHooks": [],
          "tests": [
            {
              "title": "Cannot add existing number and different train attributes ",
              "fullTitle": "Testing the train tab Cannot add existing number and different train attributes ",
              "timedOut": false,
              "duration": 5704,
              "state": "passed",
              "speed": "slow",
              "pass": true,
              "fail": false,
              "pending": false,
              "context": null,
              "code": "////*[@id=\"root\"]/div[2]/div/div/div[2] /html/body/div/div[2]/section/form/div/div[6]/button\n    let driver = await new Builder().forBrowser(\"chrome\").build();\n    await driver.get(\"http://localhost:3000\");\n    await driver.findElement(By.xpath('//*[@id=\"root\"]/div[1]/div/div/div/div/ul/li[1]/a')).sendKeys(\"Trains\", Key.RETURN);\n    await driver.findElement(By.xpath('//*[@id=\":r1:\"]')).sendKeys(\"200\");\n    await driver.findElement(By.xpath('//*[@id=\":r3:\"]')).sendKeys(\"Yaal Devi\");\n    await driver.findElement(By.xpath('//*[@id=\"root\"]/div[2]/div[1]/div/div/div/form/div[3]/div/div')).sendKeys(Key.RETURN);\n    await driver.findElement(By.xpath('//*[@id=\"menu-\"]/div[3]/ul/li[3]')).sendKeys(Key.RETURN);\n    \n    await driver.findElement(By.xpath('//*[@id=\"root\"]/div[2]/div[1]/div/div/div/form/button')).sendKeys(\"ADD TRAIN\",Key.RETURN);\n    \n    setInterval(async()=>{\n        let textSubmit  = await driver.findElement(By.xpath('//*[@id=\"root\"]/div[2]/div[1]/div/div/div/div/div/div[2]')).getText()\n        .then((value)=>{\n          \n            return value;\n        })\n        console.log(textSubmit);\n        await driver.close();\n        textSubmit.should.equal(\"submition error\");\n        \n    },2000)",
              "err": {},
              "uuid": "513d958d-30ed-45ac-aa68-7e7de42e0347",
              "parentUUID": "bdf218e8-8227-41f3-870d-c368a2263a18",
              "isHook": false,
              "skipped": false
            },
            {
              "title": "Adding new train",
              "fullTitle": "Testing the train tab Adding new train",
              "timedOut": false,
              "duration": 4533,
              "state": "passed",
              "speed": "slow",
              "pass": true,
              "fail": false,
              "pending": false,
              "context": null,
              "code": "////*[@id=\"root\"]/div[2]/div/div/div[2] /html/body/div/div[2]/section/form/div/div[6]/button\n    let driver = await new Builder().forBrowser(\"chrome\").build();\n    await driver.get(\"http://localhost:3000\");\n    await driver.findElement(By.xpath('//*[@id=\"root\"]/div[1]/div/div/div/div/ul/li[1]/a')).sendKeys(\"Trains\", Key.RETURN);\n    await driver.findElement(By.xpath('//*[@id=\":r1:\"]')).sendKeys(\"708\");\n    await driver.findElement(By.xpath('//*[@id=\":r3:\"]')).sendKeys(\"Yaal Devi\");\n    await driver.findElement(By.xpath('//*[@id=\"root\"]/div[2]/div[1]/div/div/div/form/div[3]/div/div')).sendKeys(Key.RETURN);\n    await driver.findElement(By.xpath('//*[@id=\"menu-\"]/div[3]/ul/li[3]')).sendKeys(Key.RETURN);\n    \n    await driver.findElement(By.xpath('//*[@id=\"root\"]/div[2]/div[1]/div/div/div/form/button')).sendKeys(\"ADD TRAIN\",Key.RETURN);\n    \n    setInterval(async()=>{\n        let textSubmit  = await driver.findElement(By.xpath('//*[@id=\"root\"]/div[2]/div[1]/div/div/div/div/div/div[2]')).getText()\n        .then(async(value)=>{\n            console.log(textSubmit);\n            await driver.close();\n            \n            \n            return value;\n        })\n        textSubmit.should.equal(\"Train added successfully.\");\n        \n        \n        \n    },3000)",
              "err": {},
              "uuid": "7ad2fec5-544b-4e3c-bc19-bc1b06a8a8d1",
              "parentUUID": "bdf218e8-8227-41f3-870d-c368a2263a18",
              "isHook": false,
              "skipped": false
            },
            {
              "title": "Receiving the trains",
              "fullTitle": "Testing the train tab Receiving the trains",
              "timedOut": false,
              "duration": 4342,
              "state": "passed",
              "speed": "slow",
              "pass": true,
              "fail": false,
              "pending": false,
              "context": null,
              "code": "////*[@id=\"root\"]/div[2]/div/div/div[2] /html/body/div/div[2]/section/form/div/div[6]/button\n    let driver = await new Builder().forBrowser(\"chrome\").build();\n    await driver.get(\"http://localhost:3000\");\n    await driver.findElement(By.xpath('//*[@id=\"root\"]/div[1]/div/div/div/div/ul/li[1]/a')).sendKeys(\"Trains\", Key.RETURN);\n    await driver.findElement(By.xpath('//*[@id=\"root\"]/div[2]/header/div/div/div/button[2]')).sendKeys(\"Available Trains\", Key.RETURN);\n    setInterval(\n      async()=>{\n        let receivedText = await driver.findElement(By.xpath('//*[@id=\"root\"]/div[2]/div[2]/div/div/div/div/div/div[1]/div[1]/h6')).getText().then(async(v)=>{\n          \n        console.log(v);\n              await driver.close();\n    \n              receivedText.should.equal(\"Train Number: 708\");\n    \n              return v;  \n              \n        });\n      },2000\n    )",
              "err": {},
              "uuid": "d53f1f85-96c6-4d92-bcc9-6db5071837b0",
              "parentUUID": "bdf218e8-8227-41f3-870d-c368a2263a18",
              "isHook": false,
              "skipped": false
            }
          ],
          "suites": [],
          "passes": [
            "513d958d-30ed-45ac-aa68-7e7de42e0347",
            "7ad2fec5-544b-4e3c-bc19-bc1b06a8a8d1",
            "d53f1f85-96c6-4d92-bcc9-6db5071837b0"
          ],
          "failures": [],
          "pending": [],
          "skipped": [],
          "duration": 14579,
          "root": false,
          "rootEmpty": false,
          "_timeout": 0
        }
      ],
      "passes": [],
      "failures": [],
      "pending": [],
      "skipped": [],
      "duration": 0,
      "root": true,
      "rootEmpty": true,
      "_timeout": 0
    }
  ],
  "meta": {
    "mocha": {
      "version": "10.2.0"
    },
    "mochawesome": {
      "options": {
        "quiet": false,
        "reportFilename": "mochawesome",
        "saveHtml": true,
        "saveJson": true,
        "consoleReporter": "spec",
        "useInlineDiffs": false,
        "code": true
      },
      "version": "7.1.3"
    },
    "marge": {
      "options": null,
      "version": "6.2.0"
    }
  }
}